<?xml version="1.0" encoding="UTF-8"?>
<!-- Generated by org.testng.reporters.JUnitReportReporter -->
<testsuite hostname="LE15-ARE13-IND" failures="0" tests="1" name="seleniumAssignments.TestCase3" time="4.645" errors="0" timestamp="2024-09-14T09:13:24 IST" skipped="0">
  <testcase classname="seleniumAssignments.TestCase3" name="totalAssesment" time="4.645"/>
  <system-out/>
</testsuite> <!-- seleniumAssignments.TestCase3 -->
