<?xml version="1.0" encoding="UTF-8"?>
<!-- Generated by org.testng.reporters.JUnitReportReporter -->
<testsuite hostname="LE15-ARE13-IND" failures="0" tests="1" name="seleniumAssignments.Assignment20" time="14.225" errors="0" timestamp="2024-09-01T21:40:28 IST" skipped="0">
  <testcase classname="seleniumAssignments.Assignment20" name="verifyUserName" time="14.225"/>
  <system-out/>
</testsuite> <!-- seleniumAssignments.Assignment20 -->
