<?xml version="1.0" encoding="UTF-8"?>
<!-- Generated by org.testng.reporters.JUnitReportReporter -->
<testsuite hostname="LE15-ARE13-IND" failures="0" tests="4" name="seleniumAssignments.Assignment19_Q1" time="43.792" errors="0" timestamp="2024-09-01T17:04:36 IST" skipped="0">
  <testcase classname="seleniumAssignments.Assignment19_Q1" name="printEmployeeUsingDynamicXpath" time="10.008"/>
  <system-out/>
  <testcase classname="seleniumAssignments.Assignment19_Q1" name="printFirstTableSmartly" time="15.167"/>
  <system-out/>
  <testcase classname="seleniumAssignments.Assignment19_Q1" name="printEmployeeTableUsingTr" time="8.877"/>
  <system-out/>
  <testcase classname="seleniumAssignments.Assignment19_Q1" name="printEmployeeTableFromTBody" time="9.740"/>
  <system-out/>
</testsuite> <!-- seleniumAssignments.Assignment19_Q1 -->
