<?xml version="1.0" encoding="UTF-8"?>
<!-- Generated by org.testng.reporters.JUnitReportReporter -->
<testsuite hostname="LE15-ARE13-IND" failures="0" tests="1" name="forTestNg.Example1" time="0.007" errors="0" timestamp="2024-09-01T14:43:08 IST" skipped="0">
  <testcase classname="forTestNg.Example1" name="firstTest" time="0.007"/>
  <system-out/>
</testsuite> <!-- forTestNg.Example1 -->
