<?xml version="1.0" encoding="UTF-8"?>
<!-- Generated by org.testng.reporters.JUnitReportReporter -->
<testsuite hostname="LE15-ARE13-IND" failures="0" tests="1" name="seleniumAssignments.TestCase1" time="2.388" errors="0" timestamp="2024-09-10T19:42:34 IST" skipped="0">
  <testcase classname="seleniumAssignments.TestCase1" name="loginPage" time="2.388"/>
  <system-out/>
</testsuite> <!-- seleniumAssignments.TestCase1 -->
