<?xml version="1.0" encoding="UTF-8"?>
<!-- Generated by org.testng.reporters.JUnitReportReporter -->
<testsuite hostname="LE15-ARE13-IND" failures="0" tests="1" name="seleniumAssignments.Assignment23_Q1" time="3.095" errors="0" timestamp="2024-09-06T17:42:58 IST" skipped="0">
  <testcase classname="seleniumAssignments.Assignment23_Q1" name="lables" time="3.095"/>
  <system-out/>
</testsuite> <!-- seleniumAssignments.Assignment23_Q1 -->
