<?xml version="1.0" encoding="UTF-8"?>
<!-- Generated by org.testng.reporters.JUnitReportReporter -->
<testsuite hostname="LE15-ARE13-IND" failures="0" tests="1" name="seleniumAssignments.Lables" time="41.712" errors="0" timestamp="2024-09-05T23:27:54 IST" skipped="0">
  <testcase classname="seleniumAssignments.Lables" name="lables" time="41.712"/>
  <system-out/>
</testsuite> <!-- seleniumAssignments.Lables -->
