<?xml version="1.0" encoding="UTF-8"?>
<!-- Generated by org.testng.reporters.JUnitReportReporter -->
<testsuite hostname="LE15-ARE13-IND" failures="0" tests="1" name="seleniumAssignments.Assignment23" time="4.772" errors="0" timestamp="2024-09-06T16:30:07 IST" skipped="0">
  <testcase classname="seleniumAssignments.Assignment23" name="lables" time="4.772"/>
  <system-out/>
</testsuite> <!-- seleniumAssignments.Assignment23 -->
