<?xml version="1.0" encoding="UTF-8"?>
<!-- Generated by org.testng.reporters.JUnitReportReporter -->
<testsuite hostname="LE15-ARE13-IND" failures="0" tests="1" name="seleniumAssignments.TestCase2" time="2.658" errors="0" timestamp="2024-09-08T07:14:20 IST" skipped="0">
  <testcase classname="seleniumAssignments.TestCase2" name="invalidPswd" time="2.658"/>
  <system-out/>
</testsuite> <!-- seleniumAssignments.TestCase2 -->
